<?xml version="1.0" encoding="UTF-8"?>
<testng-results ignored="0" total="1" passed="1" failed="0" skipped="0">
  <reporter-output>
  </reporter-output>
  <suite started-at="2024-09-24T22:08:22 IST" name="Default suite" finished-at="2024-09-24T22:08:36 IST" duration-ms="13409">
    <groups>
    </groups>
    <test started-at="2024-09-24T22:08:22 IST" name="Default test" finished-at="2024-09-24T22:08:36 IST" duration-ms="13409">
      <class name="JavascriptEx.Demo">
        <test-method signature="m1()[pri:0, instance:JavascriptEx.Demo@23c30a20]" started-at="2024-09-24T22:08:22 IST" name="m1" finished-at="2024-09-24T22:08:36 IST" duration-ms="13254" status="PASS">
          <reporter-output>
          </reporter-output>
        </test-method> <!-- m1 -->
      </class> <!-- JavascriptEx.Demo -->
    </test> <!-- Default test -->
  </suite> <!-- Default suite -->
</testng-results>
